{
  message: 'DB connected',
  level: 'info',
  label: 'PH',
  timestamp: '2023-06-06T03:23:54.337Z'
}
{
  message: 'Listening on port 5000',
  level: 'info',
  label: 'PH',
  timestamp: '2023-06-06T03:23:54.355Z'
}
{
  message: 'DB connected',
  level: 'info',
  label: 'PH',
  timestamp: '2023-06-06T03:25:42.447Z'
}
{
  message: 'Listening on port 5000',
  level: 'info',
  label: 'PH',
  timestamp: '2023-06-06T03:25:42.476Z'
}
Tue Jun 06 2023 9:31 [PH] info: DB connected
Tue Jun 06 2023 9:31 [PH] info: Listening on port 5000
